F:\WORKSPACES\GENERAL_WEB\FOREXROBOTS\WINDOWS_DLL\EANALYZER\DEBUG\.NETFRAMEWORK,VERSION=V4.0.ASSEMBLYATTRIBUTES.OBJ
F:\WORKSPACES\GENERAL_WEB\FOREXROBOTS\WINDOWS_DLL\EANALYZER\DEBUG\APP.RES
F:\WORKSPACES\GENERAL_WEB\FOREXROBOTS\WINDOWS_DLL\EANALYZER\DEBUG\ASSEMBLYINFO.OBJ
F:\workspaces\general_web\ForexRobots\windows_dll\EAnalyzer\Debug\BasicUtil.exp
F:\workspaces\general_web\ForexRobots\windows_dll\EAnalyzer\Debug\BasicUtil.ilk
F:\workspaces\general_web\ForexRobots\windows_dll\EAnalyzer\Debug\BasicUtil.pdb
F:\workspaces\general_web\ForexRobots\windows_dll\EAnalyzer\Debug\BasicUtil_CS.dll
F:\workspaces\general_web\ForexRobots\windows_dll\EAnalyzer\Debug\BasicUtil_CS.pdb
F:\workspaces\general_web\ForexRobots\windows_dll\EAnalyzer\Debug\cl.command.1.tlog
F:\workspaces\general_web\ForexRobots\windows_dll\EAnalyzer\Debug\CL.read.1.tlog
F:\workspaces\general_web\ForexRobots\windows_dll\EAnalyzer\Debug\CL.write.1.tlog
F:\WORKSPACES\GENERAL_WEB\FOREXROBOTS\WINDOWS_DLL\EANALYZER\DEBUG\EAFORM.OBJ
F:\WORKSPACES\GENERAL_WEB\FOREXROBOTS\WINDOWS_DLL\EANALYZER\DEBUG\EANALYZER.DLL
F:\WORKSPACES\GENERAL_WEB\FOREXROBOTS\WINDOWS_DLL\EANALYZER\DEBUG\EANALYZER.DLL.INTERMEDIATE.MANIFEST
F:\workspaces\general_web\ForexRobots\windows_dll\EAnalyzer\Debug\eanalyzer.dll.xml
F:\workspaces\general_web\ForexRobots\windows_dll\EAnalyzer\Debug\EAnalyzer.exp
F:\WORKSPACES\GENERAL_WEB\FOREXROBOTS\WINDOWS_DLL\EANALYZER\DEBUG\EANALYZER.ILK
F:\workspaces\general_web\ForexRobots\windows_dll\EAnalyzer\Debug\EAnalyzer.lib
F:\WORKSPACES\GENERAL_WEB\FOREXROBOTS\WINDOWS_DLL\EANALYZER\DEBUG\EANALYZER.OBJ
F:\WORKSPACES\GENERAL_WEB\FOREXROBOTS\WINDOWS_DLL\EANALYZER\DEBUG\EANALYZER.PCH
F:\WORKSPACES\GENERAL_WEB\FOREXROBOTS\WINDOWS_DLL\EANALYZER\DEBUG\EANALYZER.PDB
F:\workspaces\general_web\ForexRobots\windows_dll\EAnalyzer\Debug\EAnalyzer.write.1.tlog
F:\workspaces\general_web\ForexRobots\windows_dll\EAnalyzer\Debug\EAnalyzer_CS.dll
F:\workspaces\general_web\ForexRobots\windows_dll\EAnalyzer\Debug\EAnalyzer_CS.pdb
F:\workspaces\general_web\ForexRobots\windows_dll\EAnalyzer\Debug\link.1500.read.1.tlog
F:\workspaces\general_web\ForexRobots\windows_dll\EAnalyzer\Debug\link.1500.write.1.tlog
F:\workspaces\general_web\ForexRobots\windows_dll\EAnalyzer\Debug\link.1500-cvtres.read.1.tlog
F:\workspaces\general_web\ForexRobots\windows_dll\EAnalyzer\Debug\link.1500-cvtres.write.1.tlog
F:\workspaces\general_web\ForexRobots\windows_dll\EAnalyzer\Debug\link.1672.read.1.tlog
F:\workspaces\general_web\ForexRobots\windows_dll\EAnalyzer\Debug\link.1672.write.1.tlog
F:\workspaces\general_web\ForexRobots\windows_dll\EAnalyzer\Debug\link.1672-cvtres.read.1.tlog
F:\workspaces\general_web\ForexRobots\windows_dll\EAnalyzer\Debug\link.1672-cvtres.write.1.tlog
F:\workspaces\general_web\ForexRobots\windows_dll\EAnalyzer\Debug\link.2144.read.1.tlog
F:\workspaces\general_web\ForexRobots\windows_dll\EAnalyzer\Debug\link.2144.write.1.tlog
F:\workspaces\general_web\ForexRobots\windows_dll\EAnalyzer\Debug\link.2144-cvtres.read.1.tlog
F:\workspaces\general_web\ForexRobots\windows_dll\EAnalyzer\Debug\link.2144-cvtres.write.1.tlog
F:\workspaces\general_web\ForexRobots\windows_dll\EAnalyzer\Debug\link.2296.read.1.tlog
F:\workspaces\general_web\ForexRobots\windows_dll\EAnalyzer\Debug\link.2296.write.1.tlog
F:\workspaces\general_web\ForexRobots\windows_dll\EAnalyzer\Debug\link.2296-cvtres.read.1.tlog
F:\workspaces\general_web\ForexRobots\windows_dll\EAnalyzer\Debug\link.2296-cvtres.write.1.tlog
F:\workspaces\general_web\ForexRobots\windows_dll\EAnalyzer\Debug\link.2628.read.1.tlog
F:\workspaces\general_web\ForexRobots\windows_dll\EAnalyzer\Debug\link.2628.write.1.tlog
F:\workspaces\general_web\ForexRobots\windows_dll\EAnalyzer\Debug\link.2628-cvtres.read.1.tlog
F:\workspaces\general_web\ForexRobots\windows_dll\EAnalyzer\Debug\link.2628-cvtres.write.1.tlog
F:\workspaces\general_web\ForexRobots\windows_dll\EAnalyzer\Debug\link.3296.read.1.tlog
F:\workspaces\general_web\ForexRobots\windows_dll\EAnalyzer\Debug\link.3296.write.1.tlog
F:\workspaces\general_web\ForexRobots\windows_dll\EAnalyzer\Debug\link.3296-cvtres.read.1.tlog
F:\workspaces\general_web\ForexRobots\windows_dll\EAnalyzer\Debug\link.3296-cvtres.write.1.tlog
F:\workspaces\general_web\ForexRobots\windows_dll\EAnalyzer\Debug\link.4220.read.1.tlog
F:\workspaces\general_web\ForexRobots\windows_dll\EAnalyzer\Debug\link.4220.write.1.tlog
F:\workspaces\general_web\ForexRobots\windows_dll\EAnalyzer\Debug\link.4220-cvtres.read.1.tlog
F:\workspaces\general_web\ForexRobots\windows_dll\EAnalyzer\Debug\link.4220-cvtres.write.1.tlog
F:\workspaces\general_web\ForexRobots\windows_dll\EAnalyzer\Debug\link.4344.read.1.tlog
F:\workspaces\general_web\ForexRobots\windows_dll\EAnalyzer\Debug\link.4344.write.1.tlog
F:\workspaces\general_web\ForexRobots\windows_dll\EAnalyzer\Debug\link.4344-cvtres.read.1.tlog
F:\workspaces\general_web\ForexRobots\windows_dll\EAnalyzer\Debug\link.4344-cvtres.write.1.tlog
F:\workspaces\general_web\ForexRobots\windows_dll\EAnalyzer\Debug\link.4524.read.1.tlog
F:\workspaces\general_web\ForexRobots\windows_dll\EAnalyzer\Debug\link.4524.write.1.tlog
F:\workspaces\general_web\ForexRobots\windows_dll\EAnalyzer\Debug\link.4524-cvtres.read.1.tlog
F:\workspaces\general_web\ForexRobots\windows_dll\EAnalyzer\Debug\link.4524-cvtres.write.1.tlog
F:\workspaces\general_web\ForexRobots\windows_dll\EAnalyzer\Debug\link.4568.read.1.tlog
F:\workspaces\general_web\ForexRobots\windows_dll\EAnalyzer\Debug\link.4568.write.1.tlog
F:\workspaces\general_web\ForexRobots\windows_dll\EAnalyzer\Debug\link.4568-cvtres.read.1.tlog
F:\workspaces\general_web\ForexRobots\windows_dll\EAnalyzer\Debug\link.4568-cvtres.write.1.tlog
F:\workspaces\general_web\ForexRobots\windows_dll\EAnalyzer\Debug\link.4700.read.1.tlog
F:\workspaces\general_web\ForexRobots\windows_dll\EAnalyzer\Debug\link.4700.write.1.tlog
F:\workspaces\general_web\ForexRobots\windows_dll\EAnalyzer\Debug\link.4700-cvtres.read.1.tlog
F:\workspaces\general_web\ForexRobots\windows_dll\EAnalyzer\Debug\link.4700-cvtres.write.1.tlog
F:\workspaces\general_web\ForexRobots\windows_dll\EAnalyzer\Debug\link.4996.read.1.tlog
F:\workspaces\general_web\ForexRobots\windows_dll\EAnalyzer\Debug\link.4996.write.1.tlog
F:\workspaces\general_web\ForexRobots\windows_dll\EAnalyzer\Debug\link.4996-cvtres.read.1.tlog
F:\workspaces\general_web\ForexRobots\windows_dll\EAnalyzer\Debug\link.4996-cvtres.write.1.tlog
F:\workspaces\general_web\ForexRobots\windows_dll\EAnalyzer\Debug\link.5116.read.1.tlog
F:\workspaces\general_web\ForexRobots\windows_dll\EAnalyzer\Debug\link.5116.write.1.tlog
F:\workspaces\general_web\ForexRobots\windows_dll\EAnalyzer\Debug\link.5116-cvtres.read.1.tlog
F:\workspaces\general_web\ForexRobots\windows_dll\EAnalyzer\Debug\link.5116-cvtres.write.1.tlog
F:\workspaces\general_web\ForexRobots\windows_dll\EAnalyzer\Debug\link.5456.read.1.tlog
F:\workspaces\general_web\ForexRobots\windows_dll\EAnalyzer\Debug\link.5456.write.1.tlog
F:\workspaces\general_web\ForexRobots\windows_dll\EAnalyzer\Debug\link.5456-cvtres.read.1.tlog
F:\workspaces\general_web\ForexRobots\windows_dll\EAnalyzer\Debug\link.5456-cvtres.write.1.tlog
F:\workspaces\general_web\ForexRobots\windows_dll\EAnalyzer\Debug\link.5600.read.1.tlog
F:\workspaces\general_web\ForexRobots\windows_dll\EAnalyzer\Debug\link.5600.write.1.tlog
F:\workspaces\general_web\ForexRobots\windows_dll\EAnalyzer\Debug\link.5600-cvtres.read.1.tlog
F:\workspaces\general_web\ForexRobots\windows_dll\EAnalyzer\Debug\link.5600-cvtres.write.1.tlog
F:\workspaces\general_web\ForexRobots\windows_dll\EAnalyzer\Debug\link.5744.read.1.tlog
F:\workspaces\general_web\ForexRobots\windows_dll\EAnalyzer\Debug\link.5744.write.1.tlog
F:\workspaces\general_web\ForexRobots\windows_dll\EAnalyzer\Debug\link.5744-cvtres.read.1.tlog
F:\workspaces\general_web\ForexRobots\windows_dll\EAnalyzer\Debug\link.5744-cvtres.write.1.tlog
F:\workspaces\general_web\ForexRobots\windows_dll\EAnalyzer\Debug\link.5788.read.1.tlog
F:\workspaces\general_web\ForexRobots\windows_dll\EAnalyzer\Debug\link.5788.write.1.tlog
F:\workspaces\general_web\ForexRobots\windows_dll\EAnalyzer\Debug\link.5788-cvtres.read.1.tlog
F:\workspaces\general_web\ForexRobots\windows_dll\EAnalyzer\Debug\link.5788-cvtres.write.1.tlog
F:\workspaces\general_web\ForexRobots\windows_dll\EAnalyzer\Debug\link.command.1.tlog
F:\workspaces\general_web\ForexRobots\windows_dll\EAnalyzer\Debug\link.read.1.tlog
F:\workspaces\general_web\ForexRobots\windows_dll\EAnalyzer\Debug\link.write.1.tlog
F:\workspaces\general_web\ForexRobots\windows_dll\EAnalyzer\Debug\mt.command.1.tlog
F:\workspaces\general_web\ForexRobots\windows_dll\EAnalyzer\Debug\mt.read.1.tlog
F:\workspaces\general_web\ForexRobots\windows_dll\EAnalyzer\Debug\mt.write.1.tlog
F:\workspaces\general_web\ForexRobots\windows_dll\EAnalyzer\Debug\rc.command.1.tlog
F:\workspaces\general_web\ForexRobots\windows_dll\EAnalyzer\Debug\rc.read.1.tlog
F:\workspaces\general_web\ForexRobots\windows_dll\EAnalyzer\Debug\rc.write.1.tlog
F:\workspaces\general_web\ForexRobots\windows_dll\EAnalyzer\Debug\ResolveAssemblyReference.cache
F:\WORKSPACES\GENERAL_WEB\FOREXROBOTS\WINDOWS_DLL\EANALYZER\DEBUG\STDAFX.OBJ
F:\WORKSPACES\GENERAL_WEB\FOREXROBOTS\WINDOWS_DLL\EANALYZER\DEBUG\VC100.PDB
F:\workspaces\general_web\ForexRobots\windows_dll\EAnalyzer\Debug\ZedGraph.dll
F:\workspaces\general_web\ForexRobots\windows_dll\EAnalyzer\Debug\ZipStorer.pdb
F:\workspaces\general_web\ForexRobots\windows_dll\EAnalyzer\Debug\zsfTraderLib.exp
F:\workspaces\general_web\ForexRobots\windows_dll\EAnalyzer\Debug\zsfTraderLib.ilk
F:\workspaces\general_web\ForexRobots\windows_dll\EAnalyzer\Debug\zsfTraderLib.pdb
F:\workspaces\general_web\ForexRobots\windows_dll\EAnalyzer\Debug\ZsfTraderLib_CS.dll
F:\workspaces\general_web\ForexRobots\windows_dll\EAnalyzer\Debug\ZsfTraderLib_CS.pdb
