F:\WORKSPACES\GENERAL_WEB\FOREXROBOTS\WINDOWS_DLL\GREENZONEFXEANALYZER\DEBUG\LAUNCHERDLL.DLL
F:\workspaces\general_web\ForexRobots\windows_dll\GreenZoneFxEAnalyzer\Debug\LauncherDll.exp
F:\WORKSPACES\GENERAL_WEB\FOREXROBOTS\WINDOWS_DLL\GREENZONEFXEANALYZER\DEBUG\LAUNCHERDLL.ILK
F:\workspaces\general_web\ForexRobots\windows_dll\GreenZoneFxEAnalyzer\Debug\LauncherDll.lib
F:\WORKSPACES\GENERAL_WEB\FOREXROBOTS\WINDOWS_DLL\GREENZONEFXEANALYZER\DEBUG\LAUNCHERDLL.PDB
F:\WORKSPACES\GENERAL_WEB\FOREXROBOTS\WINDOWS_DLL\GREENZONEFXEANALYZER\LAUNCHERDLL\DEBUG\.NETFRAMEWORK,VERSION=V4.0.ASSEMBLYATTRIBUTES.OBJ
F:\WORKSPACES\GENERAL_WEB\FOREXROBOTS\WINDOWS_DLL\GREENZONEFXEANALYZER\LAUNCHERDLL\DEBUG\APP.RES
F:\WORKSPACES\GENERAL_WEB\FOREXROBOTS\WINDOWS_DLL\GREENZONEFXEANALYZER\LAUNCHERDLL\DEBUG\ASSEMBLYINFO.OBJ
F:\workspaces\general_web\ForexRobots\windows_dll\GreenZoneFxEAnalyzer\LauncherDll\Debug\cl.command.1.tlog
F:\workspaces\general_web\ForexRobots\windows_dll\GreenZoneFxEAnalyzer\LauncherDll\Debug\CL.read.1.tlog
F:\workspaces\general_web\ForexRobots\windows_dll\GreenZoneFxEAnalyzer\LauncherDll\Debug\CL.write.1.tlog
F:\WORKSPACES\GENERAL_WEB\FOREXROBOTS\WINDOWS_DLL\GREENZONEFXEANALYZER\LAUNCHERDLL\DEBUG\LAUNCHERDLL.DLL.INTERMEDIATE.MANIFEST
F:\WORKSPACES\GENERAL_WEB\FOREXROBOTS\WINDOWS_DLL\GREENZONEFXEANALYZER\LAUNCHERDLL\DEBUG\LAUNCHERDLL.OBJ
F:\WORKSPACES\GENERAL_WEB\FOREXROBOTS\WINDOWS_DLL\GREENZONEFXEANALYZER\LAUNCHERDLL\DEBUG\LAUNCHERDLL.PCH
F:\workspaces\general_web\ForexRobots\windows_dll\GreenZoneFxEAnalyzer\LauncherDll\Debug\LauncherDll.write.1.tlog
F:\workspaces\general_web\ForexRobots\windows_dll\GreenZoneFxEAnalyzer\LauncherDll\Debug\link.3512.read.1.tlog
F:\workspaces\general_web\ForexRobots\windows_dll\GreenZoneFxEAnalyzer\LauncherDll\Debug\link.3512.write.1.tlog
F:\workspaces\general_web\ForexRobots\windows_dll\GreenZoneFxEAnalyzer\LauncherDll\Debug\link.3512-cvtres.read.1.tlog
F:\workspaces\general_web\ForexRobots\windows_dll\GreenZoneFxEAnalyzer\LauncherDll\Debug\link.3512-cvtres.write.1.tlog
F:\workspaces\general_web\ForexRobots\windows_dll\GreenZoneFxEAnalyzer\LauncherDll\Debug\link.command.1.tlog
F:\workspaces\general_web\ForexRobots\windows_dll\GreenZoneFxEAnalyzer\LauncherDll\Debug\link.read.1.tlog
F:\workspaces\general_web\ForexRobots\windows_dll\GreenZoneFxEAnalyzer\LauncherDll\Debug\link.write.1.tlog
F:\workspaces\general_web\ForexRobots\windows_dll\GreenZoneFxEAnalyzer\LauncherDll\Debug\mt.command.1.tlog
F:\workspaces\general_web\ForexRobots\windows_dll\GreenZoneFxEAnalyzer\LauncherDll\Debug\mt.read.1.tlog
F:\workspaces\general_web\ForexRobots\windows_dll\GreenZoneFxEAnalyzer\LauncherDll\Debug\mt.write.1.tlog
F:\workspaces\general_web\ForexRobots\windows_dll\GreenZoneFxEAnalyzer\LauncherDll\Debug\rc.command.1.tlog
F:\workspaces\general_web\ForexRobots\windows_dll\GreenZoneFxEAnalyzer\LauncherDll\Debug\rc.read.1.tlog
F:\workspaces\general_web\ForexRobots\windows_dll\GreenZoneFxEAnalyzer\LauncherDll\Debug\rc.write.1.tlog
F:\WORKSPACES\GENERAL_WEB\FOREXROBOTS\WINDOWS_DLL\GREENZONEFXEANALYZER\LAUNCHERDLL\DEBUG\STDAFX.OBJ
F:\WORKSPACES\GENERAL_WEB\FOREXROBOTS\WINDOWS_DLL\GREENZONEFXEANALYZER\LAUNCHERDLL\DEBUG\VC100.PDB
