F:\WORKSPACES\GENERAL_WEB\FOREXROBOTS\WINDOWS_DLL\MT4CONTROLPANEL\DEBUG\MT4CONTROLPANEL.DLL
F:\workspaces\general_web\ForexRobots\windows_dll\Mt4ControlPanel\Debug\Mt4ControlPanel.exp
F:\WORKSPACES\GENERAL_WEB\FOREXROBOTS\WINDOWS_DLL\MT4CONTROLPANEL\DEBUG\MT4CONTROLPANEL.ILK
F:\workspaces\general_web\ForexRobots\windows_dll\Mt4ControlPanel\Debug\Mt4ControlPanel.lib
F:\WORKSPACES\GENERAL_WEB\FOREXROBOTS\WINDOWS_DLL\MT4CONTROLPANEL\DEBUG\MT4CONTROLPANEL.PDB
F:\WORKSPACES\GENERAL_WEB\FOREXROBOTS\WINDOWS_DLL\MT4CONTROLPANEL\MT4CONTROLPANEL\DEBUG\.NETFRAMEWORK,VERSION=V4.0.ASSEMBLYATTRIBUTES.OBJ
F:\WORKSPACES\GENERAL_WEB\FOREXROBOTS\WINDOWS_DLL\MT4CONTROLPANEL\MT4CONTROLPANEL\DEBUG\APP.RES
F:\WORKSPACES\GENERAL_WEB\FOREXROBOTS\WINDOWS_DLL\MT4CONTROLPANEL\MT4CONTROLPANEL\DEBUG\ASSEMBLYINFO.OBJ
F:\workspaces\general_web\ForexRobots\windows_dll\Mt4ControlPanel\Mt4ControlPanel\Debug\cl.command.1.tlog
F:\workspaces\general_web\ForexRobots\windows_dll\Mt4ControlPanel\Mt4ControlPanel\Debug\CL.read.1.tlog
F:\workspaces\general_web\ForexRobots\windows_dll\Mt4ControlPanel\Mt4ControlPanel\Debug\CL.write.1.tlog
F:\workspaces\general_web\ForexRobots\windows_dll\Mt4ControlPanel\Mt4ControlPanel\Debug\link.2912.read.1.tlog
F:\workspaces\general_web\ForexRobots\windows_dll\Mt4ControlPanel\Mt4ControlPanel\Debug\link.2912.write.1.tlog
F:\workspaces\general_web\ForexRobots\windows_dll\Mt4ControlPanel\Mt4ControlPanel\Debug\link.2912-cvtres.read.1.tlog
F:\workspaces\general_web\ForexRobots\windows_dll\Mt4ControlPanel\Mt4ControlPanel\Debug\link.2912-cvtres.write.1.tlog
F:\workspaces\general_web\ForexRobots\windows_dll\Mt4ControlPanel\Mt4ControlPanel\Debug\link.command.1.tlog
F:\workspaces\general_web\ForexRobots\windows_dll\Mt4ControlPanel\Mt4ControlPanel\Debug\link.read.1.tlog
F:\workspaces\general_web\ForexRobots\windows_dll\Mt4ControlPanel\Mt4ControlPanel\Debug\link.write.1.tlog
F:\workspaces\general_web\ForexRobots\windows_dll\Mt4ControlPanel\Mt4ControlPanel\Debug\mt.command.1.tlog
F:\workspaces\general_web\ForexRobots\windows_dll\Mt4ControlPanel\Mt4ControlPanel\Debug\mt.read.1.tlog
F:\workspaces\general_web\ForexRobots\windows_dll\Mt4ControlPanel\Mt4ControlPanel\Debug\mt.write.1.tlog
F:\WORKSPACES\GENERAL_WEB\FOREXROBOTS\WINDOWS_DLL\MT4CONTROLPANEL\MT4CONTROLPANEL\DEBUG\MT4CONTROLPANEL.DLL.INTERMEDIATE.MANIFEST
F:\WORKSPACES\GENERAL_WEB\FOREXROBOTS\WINDOWS_DLL\MT4CONTROLPANEL\MT4CONTROLPANEL\DEBUG\MT4CONTROLPANEL.OBJ
F:\WORKSPACES\GENERAL_WEB\FOREXROBOTS\WINDOWS_DLL\MT4CONTROLPANEL\MT4CONTROLPANEL\DEBUG\MT4CONTROLPANEL.PCH
F:\workspaces\general_web\ForexRobots\windows_dll\Mt4ControlPanel\Mt4ControlPanel\Debug\Mt4ControlPanel.write.1.tlog
F:\workspaces\general_web\ForexRobots\windows_dll\Mt4ControlPanel\Mt4ControlPanel\Debug\rc.command.1.tlog
F:\workspaces\general_web\ForexRobots\windows_dll\Mt4ControlPanel\Mt4ControlPanel\Debug\rc.read.1.tlog
F:\workspaces\general_web\ForexRobots\windows_dll\Mt4ControlPanel\Mt4ControlPanel\Debug\rc.write.1.tlog
F:\WORKSPACES\GENERAL_WEB\FOREXROBOTS\WINDOWS_DLL\MT4CONTROLPANEL\MT4CONTROLPANEL\DEBUG\STDAFX.OBJ
F:\WORKSPACES\GENERAL_WEB\FOREXROBOTS\WINDOWS_DLL\MT4CONTROLPANEL\MT4CONTROLPANEL\DEBUG\VC100.PDB
