Build started 12/8/2012 10:35:30 AM.
     1>Project "F:\workspaces\general_web\ForexRobots\windows_dll\SubmarineLicenseManager\MainDllBase\MainDllBase.vcxproj" on node 2 (rebuild target(s)).
     1>_PrepareForClean:
         Deleting file "Debug\MainDllBase.lastbuildstate".
       InitializeBuildStatus:
         Creating "Debug\MainDllBase.unsuccessfulbuild" because "AlwaysCreate" was specified.
       GenerateTargetFrameworkMonikerAttribute:
       Skipping target "GenerateTargetFrameworkMonikerAttribute" because all output files are up-to-date with respect to the input files.
       ClCompile:
         L:\Program Files\Microsoft Visual Studio 10.0\VC\bin\CL.exe /c /Zi /clr /nologo /W3 /WX- /Od /Oy- /D WIN32 /D DEBUG /D _UNICODE /D UNICODE /EHa /MDd /GS /fp:precise /Zc:wchar_t /Zc:forScope /Fo"Debug\\" /Fd"Debug\vc100.pdb" /TP /analyze- /errorReport:prompt "L:\Documents and Settings\en\Local Settings\Temp\.NETFramework,Version=v4.0.AssemblyAttributes.cpp"
         .NETFramework,Version=v4.0.AssemblyAttributes.cpp
       Lib:
         L:\Program Files\Microsoft Visual Studio 10.0\VC\bin\Lib.exe /OUT:"F:\workspaces\general_web\ForexRobots\windows_dll\SubmarineLicenseManager\Debug\MainDllBase.lib" /NOLOGO "Debug\.NETFramework,Version=v4.0.AssemblyAttributes.obj"
     1>.NETFramework,Version=v4.0.AssemblyAttributes.obj : warning LNK4221: This object file does not define any previously undefined public symbols, so it will not be used by any link operation that consumes this library
         MainDllBase.vcxproj -> F:\workspaces\general_web\ForexRobots\windows_dll\SubmarineLicenseManager\Debug\MainDllBase.lib
       FinalizeBuildStatus:
         Deleting file "Debug\MainDllBase.unsuccessfulbuild".
         Touching "Debug\MainDllBase.lastbuildstate".
     1>Done Building Project "F:\workspaces\general_web\ForexRobots\windows_dll\SubmarineLicenseManager\MainDllBase\MainDllBase.vcxproj" (rebuild target(s)).

Build succeeded.

Time Elapsed 00:00:00.79
