F:\workspaces\general_web\ForexRobots\windows_dll\Mt4ControlPanel\Debug\Mt4ControlPanelBridge.dll
F:\workspaces\general_web\ForexRobots\windows_dll\Mt4ControlPanel\Debug\Mt4ControlPanelBridge.pdb
F:\workspaces\general_web\ForexRobots\windows_dll\Mt4ControlPanel\Debug\Mt4ControlPanelGui.dll
F:\workspaces\general_web\ForexRobots\windows_dll\Mt4ControlPanel\Debug\Mt4ControlPanelGui.pdb
F:\WORKSPACES\GENERAL_WEB\FOREXROBOTS\WINDOWS_DLL\MT4CONTROLPANEL\MT4CONTROLPANELBRIDGE\DEBUG\.NETFRAMEWORK,VERSION=V4.0.ASSEMBLYATTRIBUTES.OBJ
F:\WORKSPACES\GENERAL_WEB\FOREXROBOTS\WINDOWS_DLL\MT4CONTROLPANEL\MT4CONTROLPANELBRIDGE\DEBUG\APP.RES
F:\WORKSPACES\GENERAL_WEB\FOREXROBOTS\WINDOWS_DLL\MT4CONTROLPANEL\MT4CONTROLPANELBRIDGE\DEBUG\ASSEMBLYINFO.OBJ
F:\workspaces\general_web\ForexRobots\windows_dll\Mt4ControlPanel\Mt4ControlPanelBridge\Debug\cl.command.1.tlog
F:\workspaces\general_web\ForexRobots\windows_dll\Mt4ControlPanel\Mt4ControlPanelBridge\Debug\CL.read.1.tlog
F:\workspaces\general_web\ForexRobots\windows_dll\Mt4ControlPanel\Mt4ControlPanelBridge\Debug\CL.write.1.tlog
F:\workspaces\general_web\ForexRobots\windows_dll\Mt4ControlPanel\Mt4ControlPanelBridge\Debug\link.command.1.tlog
F:\workspaces\general_web\ForexRobots\windows_dll\Mt4ControlPanel\Mt4ControlPanelBridge\Debug\link.read.1.tlog
F:\workspaces\general_web\ForexRobots\windows_dll\Mt4ControlPanel\Mt4ControlPanelBridge\Debug\link.write.1.tlog
F:\WORKSPACES\GENERAL_WEB\FOREXROBOTS\WINDOWS_DLL\MT4CONTROLPANEL\MT4CONTROLPANELBRIDGE\DEBUG\MT4CONTROLPANELBRIDGE.OBJ
F:\WORKSPACES\GENERAL_WEB\FOREXROBOTS\WINDOWS_DLL\MT4CONTROLPANEL\MT4CONTROLPANELBRIDGE\DEBUG\MT4CONTROLPANELBRIDGE.PCH
F:\workspaces\general_web\ForexRobots\windows_dll\Mt4ControlPanel\Mt4ControlPanelBridge\Debug\Mt4ControlPanelBridge.write.1.tlog
F:\workspaces\general_web\ForexRobots\windows_dll\Mt4ControlPanel\Mt4ControlPanelBridge\Debug\rc.command.1.tlog
F:\workspaces\general_web\ForexRobots\windows_dll\Mt4ControlPanel\Mt4ControlPanelBridge\Debug\rc.read.1.tlog
F:\workspaces\general_web\ForexRobots\windows_dll\Mt4ControlPanel\Mt4ControlPanelBridge\Debug\rc.write.1.tlog
F:\workspaces\general_web\ForexRobots\windows_dll\Mt4ControlPanel\Mt4ControlPanelBridge\Debug\ResolveAssemblyReference.cache
F:\WORKSPACES\GENERAL_WEB\FOREXROBOTS\WINDOWS_DLL\MT4CONTROLPANEL\MT4CONTROLPANELBRIDGE\DEBUG\STDAFX.OBJ
F:\WORKSPACES\GENERAL_WEB\FOREXROBOTS\WINDOWS_DLL\MT4CONTROLPANEL\MT4CONTROLPANELBRIDGE\DEBUG\VC100.PDB
