F:\WORKSPACES\GENERAL_WEB\FOREXROBOTS\WINDOWS_DLL\MT4CONTROLPANEL\DEBUG\LAUNCHER.EXE
F:\WORKSPACES\GENERAL_WEB\FOREXROBOTS\WINDOWS_DLL\MT4CONTROLPANEL\DEBUG\LAUNCHER.ILK
F:\WORKSPACES\GENERAL_WEB\FOREXROBOTS\WINDOWS_DLL\MT4CONTROLPANEL\DEBUG\LAUNCHER.PDB
F:\workspaces\general_web\ForexRobots\windows_dll\Mt4ControlPanel\Debug\Mt4ControlPanelGui.dll
F:\workspaces\general_web\ForexRobots\windows_dll\Mt4ControlPanel\Debug\Mt4ControlPanelGui.pdb
F:\WORKSPACES\GENERAL_WEB\FOREXROBOTS\WINDOWS_DLL\MT4CONTROLPANEL\LAUNCHER\DEBUG\.NETFRAMEWORK,VERSION=V4.0.ASSEMBLYATTRIBUTES.OBJ
F:\WORKSPACES\GENERAL_WEB\FOREXROBOTS\WINDOWS_DLL\MT4CONTROLPANEL\LAUNCHER\DEBUG\APP.RES
F:\WORKSPACES\GENERAL_WEB\FOREXROBOTS\WINDOWS_DLL\MT4CONTROLPANEL\LAUNCHER\DEBUG\ASSEMBLYINFO.OBJ
F:\workspaces\general_web\ForexRobots\windows_dll\Mt4ControlPanel\Launcher\Debug\cl.command.1.tlog
F:\workspaces\general_web\ForexRobots\windows_dll\Mt4ControlPanel\Launcher\Debug\CL.read.1.tlog
F:\workspaces\general_web\ForexRobots\windows_dll\Mt4ControlPanel\Launcher\Debug\CL.write.1.tlog
F:\WORKSPACES\GENERAL_WEB\FOREXROBOTS\WINDOWS_DLL\MT4CONTROLPANEL\LAUNCHER\DEBUG\LAUNCHER.EXE.INTERMEDIATE.MANIFEST
F:\WORKSPACES\GENERAL_WEB\FOREXROBOTS\WINDOWS_DLL\MT4CONTROLPANEL\LAUNCHER\DEBUG\LAUNCHER.OBJ
F:\WORKSPACES\GENERAL_WEB\FOREXROBOTS\WINDOWS_DLL\MT4CONTROLPANEL\LAUNCHER\DEBUG\LAUNCHER.PCH
F:\workspaces\general_web\ForexRobots\windows_dll\Mt4ControlPanel\Launcher\Debug\Launcher.write.1.tlog
F:\workspaces\general_web\ForexRobots\windows_dll\Mt4ControlPanel\Launcher\Debug\link.1472.read.1.tlog
F:\workspaces\general_web\ForexRobots\windows_dll\Mt4ControlPanel\Launcher\Debug\link.1472.write.1.tlog
F:\workspaces\general_web\ForexRobots\windows_dll\Mt4ControlPanel\Launcher\Debug\link.1472-cvtres.read.1.tlog
F:\workspaces\general_web\ForexRobots\windows_dll\Mt4ControlPanel\Launcher\Debug\link.1472-cvtres.write.1.tlog
F:\workspaces\general_web\ForexRobots\windows_dll\Mt4ControlPanel\Launcher\Debug\link.command.1.tlog
F:\workspaces\general_web\ForexRobots\windows_dll\Mt4ControlPanel\Launcher\Debug\link.read.1.tlog
F:\workspaces\general_web\ForexRobots\windows_dll\Mt4ControlPanel\Launcher\Debug\link.write.1.tlog
F:\workspaces\general_web\ForexRobots\windows_dll\Mt4ControlPanel\Launcher\Debug\mt.command.1.tlog
F:\workspaces\general_web\ForexRobots\windows_dll\Mt4ControlPanel\Launcher\Debug\mt.read.1.tlog
F:\workspaces\general_web\ForexRobots\windows_dll\Mt4ControlPanel\Launcher\Debug\mt.write.1.tlog
F:\workspaces\general_web\ForexRobots\windows_dll\Mt4ControlPanel\Launcher\Debug\rc.command.1.tlog
F:\workspaces\general_web\ForexRobots\windows_dll\Mt4ControlPanel\Launcher\Debug\rc.read.1.tlog
F:\workspaces\general_web\ForexRobots\windows_dll\Mt4ControlPanel\Launcher\Debug\rc.write.1.tlog
F:\workspaces\general_web\ForexRobots\windows_dll\Mt4ControlPanel\Launcher\Debug\ResolveAssemblyReference.cache
F:\WORKSPACES\GENERAL_WEB\FOREXROBOTS\WINDOWS_DLL\MT4CONTROLPANEL\LAUNCHER\DEBUG\STDAFX.OBJ
F:\WORKSPACES\GENERAL_WEB\FOREXROBOTS\WINDOWS_DLL\MT4CONTROLPANEL\LAUNCHER\DEBUG\VC100.PDB
